<?xml version="1.0" encoding="utf-8"?><testsuites name="pytest tests"><testsuite name="pytest" errors="0" failures="0" skipped="0" tests="36" time="7.746" timestamp="2026-05-31T18:21:26.891727+00:00" hostname="agent-env-2c269f58-987a-4155-9711-106fce9836a1"><testcase classname="tests.test_casp.TestRBAC" name="test_unauthenticated_returns_401" time="0.151" /><testcase classname="tests.test_casp.TestRBAC" name="test_user_role_forbidden" time="0.895" /><testcase classname="tests.test_casp.TestRBAC" name="test_user_role_forbidden_on_kyc" time="0.130" /><testcase classname="tests.test_casp.TestDashboard" name="test_dashboard_kpi_shape" time="0.469" /><testcase classname="tests.test_casp.TestBlock1" name="test_kyc_list" time="0.104" /><testcase classname="tests.test_casp.TestBlock1" name="test_kyc_filter_by_status" time="0.114" /><testcase classname="tests.test_casp.TestBlock1" name="test_kyb_list_has_bigcorp" time="0.112" /><testcase classname="tests.test_casp.TestBlock1" name="test_risk_ratings" time="0.109" /><testcase classname="tests.test_casp.TestBlock2_AML" name="test_list_alerts" time="0.120" /><testcase classname="tests.test_casp.TestBlock2_AML" name="test_severity_filter" time="0.111" /><testcase classname="tests.test_casp.TestBlock2_AML" name="test_screen_address_returns_risk_score" time="0.112" /><testcase classname="tests.test_casp.TestBlock2_AML" name="test_resolve_alert_requires_mlro" time="0.584" /><testcase classname="tests.test_casp.TestBlock3_Custody" name="test_list_wallets" time="0.433" /><testcase classname="tests.test_casp.TestBlock3_Custody" name="test_reconcile_wallet" time="0.219" /><testcase classname="tests.test_casp.TestBlock3_Custody" name="test_freeze_wallet" time="0.242" /><testcase classname="tests.test_casp.TestBlock3_Custody" name="test_por_latest" time="0.116" /><testcase classname="tests.test_casp.TestBlock3_Custody" name="test_por_generate" time="0.114" /><testcase classname="tests.test_casp.TestBlock4_OTC" name="test_list_seeded_otc" time="0.110" /><testcase classname="tests.test_casp.TestBlock4_OTC" name="test_create_otc_quote_large_goes_to_awaiting_approval" time="0.455" /><testcase classname="tests.test_casp.TestBlock4_OTC" name="test_self_approval_rejected" time="0.108" /><testcase classname="tests.test_casp.TestBlock4_OTC" name="test_approval_from_different_actor" time="0.125" /><testcase classname="tests.test_casp.TestBlock4_OTC" name="test_execute_otc" time="0.132" /><testcase classname="tests.test_casp.TestBlock5_Reporting" name="test_list_reports" time="0.128" /><testcase classname="tests.test_casp.TestBlock5_Reporting" name="test_generate_micar" time="0.111" /><testcase classname="tests.test_casp.TestBlock5_Reporting" name="test_capital_snapshot" time="0.114" /><testcase classname="tests.test_casp.TestBlock6_Protection" name="test_list_complaints" time="0.122" /><testcase classname="tests.test_casp.TestBlock6_Protection" name="test_create_complaint" time="0.134" /><testcase classname="tests.test_casp.TestBlock6_Protection" name="test_disclosures" time="0.112" /><testcase classname="tests.test_casp.TestBlock7_Governance" name="test_admins_list" time="0.113" /><testcase classname="tests.test_casp.TestBlock7_Governance" name="test_incidents" time="0.106" /><testcase classname="tests.test_casp.TestBlock7_Governance" name="test_conflicts" time="0.106" /><testcase classname="tests.test_casp.TestAudit" name="test_audit_list" time="0.110" /><testcase classname="tests.test_casp.TestAudit" name="test_audit_verify" time="0.116" /><testcase classname="tests.test_casp.TestRegression" name="test_legacy_login_still_works" time="0.337" /><testcase classname="tests.test_casp.TestRegression" name="test_auth_me" time="0.101" /><testcase classname="tests.test_casp.TestRegression" name="test_transak_widget_url" time="0.906" /></testsuite></testsuites>