<?xml version="1.0" encoding="utf-8"?><testsuites name="pytest tests"><testsuite name="pytest" errors="0" failures="0" skipped="0" tests="14" time="10.001" timestamp="2026-05-31T06:57:24.193413+00:00" hostname="agent-env-2c269f58-987a-4155-9711-106fce9836a1"><testcase classname="backend.tests.test_password_flows.TestCaseInsensitiveEmail" name="test_register_with_uppercase_email_returns_200" time="0.618" /><testcase classname="backend.tests.test_password_flows.TestCaseInsensitiveEmail" name="test_login_is_case_insensitive" time="1.364" /><testcase classname="backend.tests.test_password_flows.TestWelcomeEmail" name="test_welcome_email_logged_on_register" time="0.552" /><testcase classname="backend.tests.test_password_flows.TestForgotPassword" name="test_forgot_password_existing_email_returns_generic_200" time="0.607" /><testcase classname="backend.tests.test_password_flows.TestForgotPassword" name="test_forgot_password_nonexistent_returns_same_body" time="0.112" /><testcase classname="backend.tests.test_password_flows.TestForgotPassword" name="test_forgot_password_logs_reset_link_to_stdout" time="0.600" /><testcase classname="backend.tests.test_password_flows.TestResetPassword" name="test_reset_password_success_and_login_with_new_password" time="1.440" /><testcase classname="backend.tests.test_password_flows.TestResetPassword" name="test_reset_password_token_is_single_use" time="0.972" /><testcase classname="backend.tests.test_password_flows.TestResetPassword" name="test_reset_password_invalid_token_returns_400" time="0.115" /><testcase classname="backend.tests.test_password_flows.TestResetPassword" name="test_reset_password_short_password_returns_400" time="0.651" /><testcase classname="backend.tests.test_password_flows.TestChangePassword" name="test_change_password_success_and_login_with_new" time="1.336" /><testcase classname="backend.tests.test_password_flows.TestChangePassword" name="test_change_password_wrong_current_returns_400" time="0.852" /><testcase classname="backend.tests.test_password_flows.TestChangePassword" name="test_change_password_without_auth_returns_401" time="0.104" /><testcase classname="backend.tests.test_password_flows.TestChangePassword" name="test_change_password_short_new_password_returns_400" time="0.630" /></testsuite></testsuites>