<?xml version="1.0" encoding="utf-8"?><testsuites name="pytest tests"><testsuite name="pytest" errors="0" failures="0" skipped="0" tests="14" time="12.815" timestamp="2026-06-01T14:09:33.573171+00:00" hostname="agent-env-2c269f58-987a-4155-9711-106fce9836a1"><testcase classname="backend.tests.test_onboarding.TestOnboardingAuthGating" name="test_my_kyc_requires_auth" time="1.204" /><testcase classname="backend.tests.test_onboarding.TestOnboardingAuthGating" name="test_start_kyc_requires_auth" time="0.128" /><testcase classname="backend.tests.test_onboarding.TestOnboardingAuthGating" name="test_upload_document_requires_auth" time="0.114" /><testcase classname="backend.tests.test_onboarding.TestOnboardingHappyPath" name="test_fresh_user_not_started" time="0.819" /><testcase classname="backend.tests.test_onboarding.TestOnboardingHappyPath" name="test_full_flow_start_upload_in_review" time="1.190" /><testcase classname="backend.tests.test_onboarding.TestOnboardingHappyPath" name="test_invalid_doc_type_400" time="0.879" /><testcase classname="backend.tests.test_onboarding.TestOnboardingHappyPath" name="test_oversized_document_413" time="1.248" /><testcase classname="backend.tests.test_onboarding.TestOnboardingHappyPath" name="test_upload_without_start_returns_400" time="0.794" /><testcase classname="backend.tests.test_onboarding.TestCrossUserIsolation" name="test_user_b_cannot_see_user_a_kyc" time="1.728" /><testcase classname="backend.tests.test_onboarding.TestMLROCanSeeAndDecide" name="test_submitted_kyc_appears_in_admin_queue_and_can_decide" time="1.488" /><testcase classname="backend.tests.test_onboarding.TestRegression" name="test_login_works" time="1.052" /><testcase classname="backend.tests.test_onboarding.TestRegression" name="test_auth_me_works" time="0.786" /><testcase classname="backend.tests.test_onboarding.TestRegression" name="test_casp_dashboard" time="0.481" /><testcase classname="backend.tests.test_onboarding.TestRegression" name="test_transak_widget_url" time="0.861" /></testsuite></testsuites>