<?xml version="1.0" encoding="utf-8"?><testsuites name="pytest tests"><testsuite name="pytest" errors="0" failures="2" skipped="1" tests="49" time="61.150" timestamp="2026-05-31T10:01:51.966333+00:00" hostname="agent-env-2c269f58-987a-4155-9711-106fce9836a1"><testcase classname="backend.tests.test_backend.TestAuthRegisterLogin" name="test_register_returns_access_refresh_legacy_token" time="0.863" /><testcase classname="backend.tests.test_backend.TestAuthRegisterLogin" name="test_login_returns_access_refresh_legacy_token" time="0.988" /><testcase classname="backend.tests.test_backend.TestAuthRegisterLogin" name="test_login_invalid_credentials" time="1.056" /><testcase classname="backend.tests.test_backend.TestAuthRegisterLogin" name="test_access_token_short_lived_15_min" time="0.708" /><testcase classname="backend.tests.test_backend.TestAuthRegisterLogin" name="test_refresh_token_long_lived_7_days" time="0.725" /><testcase classname="backend.tests.test_backend.TestAuthRefresh" name="test_refresh_with_valid_refresh_returns_new_pair" time="2.017" /><testcase classname="backend.tests.test_backend.TestAuthRefresh" name="test_refresh_with_invalid_token_returns_401" time="0.121" /><testcase classname="backend.tests.test_backend.TestAuthRefresh" name="test_refresh_with_access_token_returns_401" time="0.809" /><testcase classname="backend.tests.test_backend.TestAuthMe" name="test_me_with_access_token" time="0.902" /><testcase classname="backend.tests.test_backend.TestAuthMe" name="test_me_without_token" time="0.106" /><testcase classname="backend.tests.test_backend.TestSecurityHeaders" name="test_security_headers_on_health" time="0.116" /><testcase classname="backend.tests.test_backend.TestSecurityHeaders" name="test_security_headers_on_prices" time="0.207" /><testcase classname="backend.tests.test_backend.TestStripeWebhook" name="test_missing_signature_returns_400" time="0.113" /><testcase classname="backend.tests.test_backend.TestStripeWebhook" name="test_bogus_signature_route_mounted_graceful" time="0.101" /><testcase classname="backend.tests.test_backend.TestRampRegression" name="test_prices_endpoint_returns_neno_10000" time="0.123" /><testcase classname="backend.tests.test_backend.TestRampRegression" name="test_user_onramp_quote_with_auth" time="0.781" /><testcase classname="backend.tests.test_backend.TestRampRegression" name="test_user_offramp_quote_returns_deposit_address_for_neno" time="0.824" /><testcase classname="backend.tests.test_backend.TestHmacProtectedRoutes" name="test_hmac_onramp_quote_valid_signature" time="0.936" /><testcase classname="backend.tests.test_backend.TestHmacProtectedRoutes" name="test_hmac_bad_signature_returns_401" time="0.921" /><testcase classname="backend.tests.test_backend.TestHmacProtectedRoutes" name="test_hmac_missing_headers_returns_401" time="0.107" /><testcase classname="backend.tests.test_backend.TestDevPortalKeys" name="test_create_list_revoke_key" time="0.835" /><testcase classname="backend.tests.test_backend.TestDevPortalKeys" name="test_dev_portal_requires_developer_role" time="0.752" /><testcase classname="backend.tests.test_password_flows.TestCaseInsensitiveEmail" name="test_register_with_uppercase_email_returns_200" time="0.721" /><testcase classname="backend.tests.test_password_flows.TestCaseInsensitiveEmail" name="test_login_is_case_insensitive" time="1.535" /><testcase classname="backend.tests.test_password_flows.TestWelcomeEmail" name="test_welcome_email_logged_on_register" time="0.720" /><testcase classname="backend.tests.test_password_flows.TestForgotPassword" name="test_forgot_password_existing_email_returns_generic_200" time="0.940" /><testcase classname="backend.tests.test_password_flows.TestForgotPassword" name="test_forgot_password_nonexistent_returns_same_body" time="0.101" /><testcase classname="backend.tests.test_password_flows.TestForgotPassword" name="test_forgot_password_logs_reset_link_to_stdout" time="8.929" /><testcase classname="backend.tests.test_password_flows.TestResetPassword" name="test_reset_password_success_and_login_with_new_password" time="9.552"><failure message="AssertionError: {&quot;detail&quot;:&quot;Invalid email or password&quot;}&#10;assert 401 == 200&#10; +  where 401 = &lt;Response [401]&gt;.status_code">backend/tests/test_password_flows.py:188: in test_reset_password_success_and_login_with_new_password
    assert r.status_code == 200, r.text
E   AssertionError: {"detail":"Invalid email or password"}
E   assert 401 == 200
E    +  where 401 = &lt;Response [401]&gt;.status_code</failure></testcase><testcase classname="backend.tests.test_password_flows.TestResetPassword" name="test_reset_password_token_is_single_use" time="9.084"><failure message="AssertionError: {&quot;detail&quot;:&quot;Reset link has already been used or is no longer valid&quot;}&#10;assert 400 == 200&#10; +  where 400 = &lt;Response [400]&gt;.status_code">backend/tests/test_password_flows.py:206: in test_reset_password_token_is_single_use
    assert r1.status_code == 200, r1.text
E   AssertionError: {"detail":"Reset link has already been used or is no longer valid"}
E   assert 400 == 200
E    +  where 400 = &lt;Response [400]&gt;.status_code</failure></testcase><testcase classname="backend.tests.test_password_flows.TestResetPassword" name="test_reset_password_invalid_token_returns_400" time="0.126" /><testcase classname="backend.tests.test_password_flows.TestResetPassword" name="test_reset_password_short_password_returns_400" time="9.020" /><testcase classname="backend.tests.test_password_flows.TestChangePassword" name="test_change_password_success_and_login_with_new" time="1.489" /><testcase classname="backend.tests.test_password_flows.TestChangePassword" name="test_change_password_wrong_current_returns_400" time="1.001" /><testcase classname="backend.tests.test_password_flows.TestChangePassword" name="test_change_password_without_auth_returns_401" time="0.102" /><testcase classname="backend.tests.test_password_flows.TestChangePassword" name="test_change_password_short_new_password_returns_400" time="0.775" /><testcase classname="backend.tests.test_transak.TestTransakConfig" name="test_config_returns_public_widget_config" time="0.097" /><testcase classname="backend.tests.test_transak.TestTransakEvents" name="test_post_event_anonymous_succeeds" time="0.114" /><testcase classname="backend.tests.test_transak.TestTransakEvents" name="test_post_event_with_auth_succeeds" time="0.742" /><testcase classname="backend.tests.test_transak.TestTransakEvents" name="test_post_event_empty_wallet_returns_400_or_422" time="0.103" /><testcase classname="backend.tests.test_transak.TestTransakEvents" name="test_get_events_returns_logged_events_lowercased" time="0.191" /><testcase classname="backend.tests.test_transak.TestTransakEvents" name="test_get_events_missing_wallet_returns_422" time="0.103" /><testcase classname="backend.tests.test_transak.TestTransakCompliance" name="test_no_trade_or_payout_endpoint_under_transak_namespace" time="0.503" /><testcase classname="backend.tests.test_transak.TestTransakCompliance" name="test_openapi_does_not_define_trade_routes" time="0.238"><skipped type="pytest.skip" message="openapi endpoint not returning JSON via ingress; covered by 404 probes">/app/backend/tests/test_transak.py:187: openapi endpoint not returning JSON via ingress; covered by 404 probes</skipped></testcase><testcase classname="backend.tests.test_transak.TestTransakWebhook" name="test_webhook_no_signature_returns_200_unverified" time="0.101" /><testcase classname="backend.tests.test_transak.TestTransakWebhook" name="test_webhook_bogus_signature_returns_200_unverified" time="0.098" /><testcase classname="backend.tests.test_transak.TestTransakWebhook" name="test_webhook_valid_signature_x_signature_header" time="0.204" /><testcase classname="backend.tests.test_transak.TestTransakWebhook" name="test_webhook_raw_hex_signature_transak_signature_header" time="0.103" /><testcase classname="backend.tests.test_transak.TestTransakWebhook" name="test_webhook_x_transak_signature_header" time="0.205" /></testsuite></testsuites>