<?xml version="1.0" encoding="utf-8"?><testsuites name="pytest tests"><testsuite name="pytest" errors="0" failures="0" skipped="0" tests="21" time="12.518" timestamp="2026-06-02T16:45:30.717935+00:00" hostname="agent-env-2c269f58-987a-4155-9711-106fce9836a1"><testcase classname="tests.test_kyc_gate.TestPasswordFlows" name="test_forgot_password_returns_generic_200" time="0.250" /><testcase classname="tests.test_kyc_gate.TestPasswordFlows" name="test_reset_password_invalid_token" time="0.119" /><testcase classname="tests.test_kyc_gate.TestPasswordFlows" name="test_full_reset_cycle" time="2.334" /><testcase classname="tests.test_kyc_gate.TestPasswordFlows" name="test_change_password_success_and_wrong_current" time="1.965" /><testcase classname="tests.test_kyc_gate.TestUnauthenticated" name="test_no_token_returns_401[POST-/api/ramp/onramp/quote-body0]" time="0.107" /><testcase classname="tests.test_kyc_gate.TestUnauthenticated" name="test_no_token_returns_401[POST-/api/ramp/onramp/execute-body1]" time="0.116" /><testcase classname="tests.test_kyc_gate.TestUnauthenticated" name="test_no_token_returns_401[POST-/api/ramp/offramp/quote-body2]" time="0.164" /><testcase classname="tests.test_kyc_gate.TestUnauthenticated" name="test_no_token_returns_401[POST-/api/ramp/offramp/execute-body3]" time="0.180" /><testcase classname="tests.test_kyc_gate.TestUnauthenticated" name="test_no_token_returns_401[POST-/api/transak/widget-url-body4]" time="0.123" /><testcase classname="tests.test_kyc_gate.TestKycRequired403" name="test_not_started_blocked[POST-/api/ramp/onramp/quote-body0]" time="0.839" /><testcase classname="tests.test_kyc_gate.TestKycRequired403" name="test_not_started_blocked[POST-/api/ramp/onramp/execute-body1]" time="0.149" /><testcase classname="tests.test_kyc_gate.TestKycRequired403" name="test_not_started_blocked[POST-/api/ramp/offramp/quote-body2]" time="0.123" /><testcase classname="tests.test_kyc_gate.TestKycRequired403" name="test_not_started_blocked[POST-/api/ramp/offramp/execute-body3]" time="0.125" /><testcase classname="tests.test_kyc_gate.TestKycRequired403" name="test_not_started_blocked[POST-/api/transak/widget-url-body4]" time="0.113" /><testcase classname="tests.test_kyc_gate.TestKycRequired403" name="test_in_review_still_blocked" time="0.370" /><testcase classname="tests.test_kyc_gate.TestKycApprovedUnlocks" name="test_full_unlock_flow" time="2.852" /><testcase classname="tests.test_kyc_gate.TestAdminBypass" name="test_admin_can_call_onramp_quote" time="0.465" /><testcase classname="tests.test_kyc_gate.TestCaspRegression" name="test_casp_dashboard" time="0.478" /><testcase classname="tests.test_kyc_gate.TestCaspRegression" name="test_casp_audit_verify" time="0.474" /><testcase classname="tests.test_kyc_gate.TestCaspRegression" name="test_casp_sanctions_status" time="0.471" /><testcase classname="tests.test_kyc_gate.TestCaspRegression" name="test_aml_screen_address" time="0.661" /></testsuite></testsuites>