<?xml version="1.0" encoding="utf-8"?><testsuites name="pytest tests"><testsuite name="pytest" errors="0" failures="0" skipped="1" tests="44" time="23.873" timestamp="2026-05-31T06:58:31.955088+00:00" hostname="agent-env-2c269f58-987a-4155-9711-106fce9836a1"><testcase classname="backend.tests.test_backend.TestAuthRegisterLogin" name="test_register_returns_access_refresh_legacy_token" time="0.600" /><testcase classname="backend.tests.test_backend.TestAuthRegisterLogin" name="test_login_returns_access_refresh_legacy_token" time="0.825" /><testcase classname="backend.tests.test_backend.TestAuthRegisterLogin" name="test_login_invalid_credentials" time="0.849" /><testcase classname="backend.tests.test_backend.TestAuthRegisterLogin" name="test_access_token_short_lived_15_min" time="0.553" /><testcase classname="backend.tests.test_backend.TestAuthRegisterLogin" name="test_refresh_token_long_lived_7_days" time="0.572" /><testcase classname="backend.tests.test_backend.TestAuthRefresh" name="test_refresh_with_valid_refresh_returns_new_pair" time="1.844" /><testcase classname="backend.tests.test_backend.TestAuthRefresh" name="test_refresh_with_invalid_token_returns_401" time="0.126" /><testcase classname="backend.tests.test_backend.TestAuthRefresh" name="test_refresh_with_access_token_returns_401" time="0.605" /><testcase classname="backend.tests.test_backend.TestAuthMe" name="test_me_with_access_token" time="0.598" /><testcase classname="backend.tests.test_backend.TestAuthMe" name="test_me_without_token" time="0.115" /><testcase classname="backend.tests.test_backend.TestSecurityHeaders" name="test_security_headers_on_health" time="0.104" /><testcase classname="backend.tests.test_backend.TestSecurityHeaders" name="test_security_headers_on_prices" time="0.240" /><testcase classname="backend.tests.test_backend.TestStripeWebhook" name="test_missing_signature_returns_400" time="0.107" /><testcase classname="backend.tests.test_backend.TestStripeWebhook" name="test_bogus_signature_route_mounted_graceful" time="0.096" /><testcase classname="backend.tests.test_backend.TestRampRegression" name="test_prices_endpoint_returns_neno_10000" time="0.153" /><testcase classname="backend.tests.test_backend.TestRampRegression" name="test_user_onramp_quote_with_auth" time="0.599" /><testcase classname="backend.tests.test_backend.TestRampRegression" name="test_user_offramp_quote_returns_deposit_address_for_neno" time="0.655" /><testcase classname="backend.tests.test_backend.TestHmacProtectedRoutes" name="test_hmac_onramp_quote_valid_signature" time="0.717" /><testcase classname="backend.tests.test_backend.TestHmacProtectedRoutes" name="test_hmac_bad_signature_returns_401" time="0.700" /><testcase classname="backend.tests.test_backend.TestHmacProtectedRoutes" name="test_hmac_missing_headers_returns_401" time="0.114" /><testcase classname="backend.tests.test_backend.TestDevPortalKeys" name="test_create_list_revoke_key" time="0.695" /><testcase classname="backend.tests.test_backend.TestDevPortalKeys" name="test_dev_portal_requires_developer_role" time="0.620" /><testcase classname="backend.tests.test_password_flows.TestCaseInsensitiveEmail" name="test_register_with_uppercase_email_returns_200" time="0.560" /><testcase classname="backend.tests.test_password_flows.TestCaseInsensitiveEmail" name="test_login_is_case_insensitive" time="1.806" /><testcase classname="backend.tests.test_password_flows.TestWelcomeEmail" name="test_welcome_email_logged_on_register" time="0.560" /><testcase classname="backend.tests.test_password_flows.TestForgotPassword" name="test_forgot_password_existing_email_returns_generic_200" time="0.591" /><testcase classname="backend.tests.test_password_flows.TestForgotPassword" name="test_forgot_password_nonexistent_returns_same_body" time="0.107" /><testcase classname="backend.tests.test_password_flows.TestForgotPassword" name="test_forgot_password_logs_reset_link_to_stdout" time="0.627" /><testcase classname="backend.tests.test_password_flows.TestResetPassword" name="test_reset_password_success_and_login_with_new_password" time="1.419" /><testcase classname="backend.tests.test_password_flows.TestResetPassword" name="test_reset_password_token_is_single_use" time="0.955" /><testcase classname="backend.tests.test_password_flows.TestResetPassword" name="test_reset_password_invalid_token_returns_400" time="0.102" /><testcase classname="backend.tests.test_password_flows.TestResetPassword" name="test_reset_password_short_password_returns_400" time="0.675" /><testcase classname="backend.tests.test_password_flows.TestChangePassword" name="test_change_password_success_and_login_with_new" time="1.319" /><testcase classname="backend.tests.test_password_flows.TestChangePassword" name="test_change_password_wrong_current_returns_400" time="0.829" /><testcase classname="backend.tests.test_password_flows.TestChangePassword" name="test_change_password_without_auth_returns_401" time="0.099" /><testcase classname="backend.tests.test_password_flows.TestChangePassword" name="test_change_password_short_new_password_returns_400" time="0.620" /><testcase classname="backend.tests.test_transak.TestTransakConfig" name="test_config_returns_public_widget_config" time="0.107" /><testcase classname="backend.tests.test_transak.TestTransakEvents" name="test_post_event_anonymous_succeeds" time="0.100" /><testcase classname="backend.tests.test_transak.TestTransakEvents" name="test_post_event_with_auth_succeeds" time="0.602" /><testcase classname="backend.tests.test_transak.TestTransakEvents" name="test_post_event_empty_wallet_returns_400_or_422" time="0.128" /><testcase classname="backend.tests.test_transak.TestTransakEvents" name="test_get_events_returns_logged_events_lowercased" time="0.198" /><testcase classname="backend.tests.test_transak.TestTransakEvents" name="test_get_events_missing_wallet_returns_422" time="0.106" /><testcase classname="backend.tests.test_transak.TestTransakCompliance" name="test_no_trade_or_payout_endpoint_under_transak_namespace" time="0.558" /><testcase classname="backend.tests.test_transak.TestTransakCompliance" name="test_openapi_does_not_define_trade_routes" time="0.203"><skipped type="pytest.skip" message="openapi endpoint not returning JSON via ingress; covered by 404 probes">/app/backend/tests/test_transak.py:169: openapi endpoint not returning JSON via ingress; covered by 404 probes</skipped></testcase></testsuite></testsuites>